Traceback (most recent call last):
  File "D:\anaconda3\lib\site-packages\jupyter_cache\executors\utils.py", line 51, in single_nb_execution
    executenb(
  File "D:\anaconda3\lib\site-packages\nbclient\client.py", line 1112, in execute
    return NotebookClient(nb=nb, resources=resources, km=km, **kwargs).execute()
  File "D:\anaconda3\lib\site-packages\nbclient\util.py", line 74, in wrapped
    return just_run(coro(*args, **kwargs))
  File "D:\anaconda3\lib\site-packages\nbclient\util.py", line 53, in just_run
    return loop.run_until_complete(coro)
  File "D:\anaconda3\lib\asyncio\base_events.py", line 642, in run_until_complete
    return future.result()
  File "D:\anaconda3\lib\site-packages\nbclient\client.py", line 553, in async_execute
    await self.async_execute_cell(
  File "D:\anaconda3\lib\site-packages\nbclient\client.py", line 857, in async_execute_cell
    self._check_raise_for_error(cell, exec_reply)
  File "D:\anaconda3\lib\site-packages\nbclient\client.py", line 760, in _check_raise_for_error
    raise CellExecutionError.from_cell_and_msg(cell, exec_reply_content)
nbclient.exceptions.CellExecutionError: An error occurred while executing the following cell:
------------------
for n in range(1, 1001):
    print(n, f(n))
------------------

[1;31m---------------------------------------------------------------------------[0m
[1;31mOverflowError[0m                             Traceback (most recent call last)
[1;32m~\AppData\Local\Temp/ipykernel_14052/2742899509.py[0m in [0;36m<module>[1;34m[0m
[0;32m      1[0m [1;32mfor[0m [0mn[0m [1;32min[0m [0mrange[0m[1;33m([0m[1;36m1[0m[1;33m,[0m [1;36m1001[0m[1;33m)[0m[1;33m:[0m[1;33m[0m[1;33m[0m[0m
[1;32m----> 2[1;33m     [0mprint[0m[1;33m([0m[0mn[0m[1;33m,[0m [0mf[0m[1;33m([0m[0mn[0m[1;33m)[0m[1;33m)[0m[1;33m[0m[1;33m[0m[0m
[0m
[1;32m~\AppData\Local\Temp/ipykernel_14052/1974136127.py[0m in [0;36m<lambda>[1;34m(n)[0m
[0;32m      1[0m [1;32mfrom[0m [0mscipy[0m[1;33m.[0m[0mspecial[0m [1;32mimport[0m [0mfactorial[0m[1;33m[0m[1;33m[0m[0m
[1;32m----> 2[1;33m [0mf[0m [1;33m=[0m [1;32mlambda[0m [0mn[0m[1;33m:[0m [0mn[0m[1;33m**[0m[0mn[0m[1;33m/[0m[0mfactorial[0m[1;33m([0m[0mn[0m[1;33m)[0m[1;33m[0m[1;33m[0m[0m
[0m
[1;31mOverflowError[0m: int too large to convert to float
OverflowError: int too large to convert to float

